This file contains any messages produced by compilers while
running configure, to aid debugging if configure makes a mistake.

It was created by configure, which was
generated by GNU Autoconf 2.69.  Invocation command line was

  $ ./configure --enable-ant --with-php-config=/usr/local/php/bin/php-config

## --------- ##
## Platform. ##
## --------- ##

hostname = lucasho
uname -m = x86_64
uname -r = 4.4.0-24-generic
uname -s = Linux
uname -v = #43-Ubuntu SMP Wed Jun 8 19:27:37 UTC 2016

/usr/bin/uname -p = unknown
/bin/uname -X     = unknown

/bin/arch              = unknown
/usr/bin/arch -k       = unknown
/usr/convex/getsysinfo = unknown
/usr/bin/hostinfo      = unknown
/bin/machine           = unknown
/usr/bin/oslevel       = unknown
/bin/universe          = unknown

PATH: /usr/local/php7/bin
PATH: /usr/local/go/bin
PATH: /home/lucasho/Android/Sdk/ndk-bundle
PATH: /home/lucasho/Android/Sdk
PATH: /usr/local/tomcat8/lib
PATH: /usr/local/sbin
PATH: /usr/local/bin
PATH: /usr/sbin
PATH: /usr/bin
PATH: /sbin
PATH: /bin
PATH: /usr/games
PATH: /usr/local/games
PATH: /snap/bin


## ----------- ##
## Core tests. ##
## ----------- ##

configure:2308: checking for grep that handles long lines and -e
configure:2366: result: /bin/grep
configure:2371: checking for egrep
configure:2433: result: /bin/grep -E
configure:2438: checking for a sed that does not truncate output
configure:2492: result: /bin/sed
configure:2624: checking for cc
configure:2640: found /usr/bin/cc
configure:2651: result: cc
configure:2682: checking for C compiler version
configure:2691: cc --version >&5
cc (Ubuntu 5.4.0-6ubuntu1~16.04.4) 5.4.0 20160609
Copyright (C) 2015 Free Software Foundation, Inc.
This is free software; see the source for copying conditions.  There is NO
warranty; not even for MERCHANTABILITY or FITNESS FOR A PARTICULAR PURPOSE.

configure:2702: $? = 0
configure:2691: cc -v >&5
Using built-in specs.
COLLECT_GCC=cc
COLLECT_LTO_WRAPPER=/usr/lib/gcc/x86_64-linux-gnu/5/lto-wrapper
Target: x86_64-linux-gnu
Configured with: ../src/configure -v --with-pkgversion='Ubuntu 5.4.0-6ubuntu1~16.04.4' --with-bugurl=file:///usr/share/doc/gcc-5/README.Bugs --enable-languages=c,ada,c++,java,go,d,fortran,objc,obj-c++ --prefix=/usr --program-suffix=-5 --enable-shared --enable-linker-build-id --libexecdir=/usr/lib --without-included-gettext --enable-threads=posix --libdir=/usr/lib --enable-nls --with-sysroot=/ --enable-clocale=gnu --enable-libstdcxx-debug --enable-libstdcxx-time=yes --with-default-libstdcxx-abi=new --enable-gnu-unique-object --disable-vtable-verify --enable-libmpx --enable-plugin --with-system-zlib --disable-browser-plugin --enable-java-awt=gtk --enable-gtk-cairo --with-java-home=/usr/lib/jvm/java-1.5.0-gcj-5-amd64/jre --enable-java-home --with-jvm-root-dir=/usr/lib/jvm/java-1.5.0-gcj-5-amd64 --with-jvm-jar-dir=/usr/lib/jvm-exports/java-1.5.0-gcj-5-amd64 --with-arch-directory=amd64 --with-ecj-jar=/usr/share/java/eclipse-ecj.jar --enable-objc-gc --enable-multiarch --disable-werror --with-arch-32=i686 --with-abi=m64 --with-multilib-list=m32,m64,mx32 --enable-multilib --with-tune=generic --enable-checking=release --build=x86_64-linux-gnu --host=x86_64-linux-gnu --target=x86_64-linux-gnu
Thread model: posix
gcc version 5.4.0 20160609 (Ubuntu 5.4.0-6ubuntu1~16.04.4) 
configure:2702: $? = 0
configure:2691: cc -V >&5
cc: error: unrecognized command line option '-V'
cc: fatal error: no input files
compilation terminated.
configure:2702: $? = 1
configure:2691: cc -qversion >&5
cc: error: unrecognized command line option '-qversion'
cc: fatal error: no input files
compilation terminated.
configure:2702: $? = 1
configure:2722: checking whether the C compiler works
configure:2744: cc    conftest.c  >&5
configure:2748: $? = 0
configure:2796: result: yes
configure:2799: checking for C compiler default output file name
configure:2801: result: a.out
configure:2807: checking for suffix of executables
configure:2814: cc -o conftest    conftest.c  >&5
configure:2818: $? = 0
configure:2840: result: 
configure:2862: checking whether we are cross compiling
configure:2870: cc -o conftest    conftest.c  >&5
configure:2874: $? = 0
configure:2881: ./conftest
configure:2885: $? = 0
configure:2900: result: no
configure:2905: checking for suffix of object files
configure:2927: cc -c   conftest.c >&5
configure:2931: $? = 0
configure:2952: result: o
configure:2956: checking whether we are using the GNU C compiler
configure:2975: cc -c   conftest.c >&5
configure:2975: $? = 0
configure:2984: result: yes
configure:2993: checking whether cc accepts -g
configure:3013: cc -c -g  conftest.c >&5
configure:3013: $? = 0
configure:3054: result: yes
configure:3071: checking for cc option to accept ISO C89
configure:3134: cc  -c -g -O2  conftest.c >&5
configure:3134: $? = 0
configure:3147: result: none needed
configure:3173: checking how to run the C preprocessor
configure:3204: cc -E  conftest.c
configure:3204: $? = 0
configure:3218: cc -E  conftest.c
conftest.c:9:28: fatal error: ac_nonexistent.h: No such file or directory
compilation terminated.
configure:3218: $? = 1
configure: failed program was:
| /* confdefs.h */
| #define PACKAGE_NAME ""
| #define PACKAGE_TARNAME ""
| #define PACKAGE_VERSION ""
| #define PACKAGE_STRING ""
| #define PACKAGE_BUGREPORT ""
| #define PACKAGE_URL ""
| /* end confdefs.h.  */
| #include <ac_nonexistent.h>
configure:3243: result: cc -E
configure:3263: cc -E  conftest.c
configure:3263: $? = 0
configure:3277: cc -E  conftest.c
conftest.c:9:28: fatal error: ac_nonexistent.h: No such file or directory
compilation terminated.
configure:3277: $? = 1
configure: failed program was:
| /* confdefs.h */
| #define PACKAGE_NAME ""
| #define PACKAGE_TARNAME ""
| #define PACKAGE_VERSION ""
| #define PACKAGE_STRING ""
| #define PACKAGE_BUGREPORT ""
| #define PACKAGE_URL ""
| /* end confdefs.h.  */
| #include <ac_nonexistent.h>
configure:3308: checking for icc
configure:3317: result: no
configure:3331: checking for suncc
configure:3340: result: no
configure:3358: checking whether cc understands -c and -o together
configure:3386: cc -c conftest.c -o conftest2.o >&5
configure:3390: $? = 0
configure:3396: cc -c conftest.c -o conftest2.o >&5
configure:3400: $? = 0
configure:3455: result: yes
configure:3469: checking for system library directory
configure:3484: result: lib
configure:3491: checking if compiler supports -R
configure:3510: cc -o conftest -g -O2   conftest.c -R /usr/lib  >&5
cc: error: unrecognized command line option '-R'
configure:3510: $? = 1
configure: failed program was:
| /* confdefs.h */
| #define PACKAGE_NAME ""
| #define PACKAGE_TARNAME ""
| #define PACKAGE_VERSION ""
| #define PACKAGE_STRING ""
| #define PACKAGE_BUGREPORT ""
| #define PACKAGE_URL ""
| /* end confdefs.h.  */
| 
| int
| main ()
| {
| 
|   ;
|   return 0;
| }
configure:3520: result: no
configure:3525: checking if compiler supports -Wl,-rpath,
configure:3544: cc -o conftest -g -O2   conftest.c -Wl,-rpath,/usr/lib  >&5
configure:3544: $? = 0
configure:3554: result: yes
configure:3599: checking build system type
configure:3613: result: x86_64-unknown-linux-gnu
configure:3633: checking host system type
configure:3646: result: x86_64-unknown-linux-gnu
configure:3666: checking target system type
configure:3679: result: x86_64-unknown-linux-gnu
configure:3782: checking for PHP prefix
configure:3784: result: /usr/local/php
configure:3786: checking for PHP includes
configure:3788: result: -I/usr/local/php/include/php -I/usr/local/php/include/php/main -I/usr/local/php/include/php/TSRM -I/usr/local/php/include/php/Zend -I/usr/local/php/include/php/ext -I/usr/local/php/include/php/ext/date/lib
configure:3790: checking for PHP extension directory
configure:3792: result: /usr/local/php/lib/php/extensions/debug-zts-20131226
configure:3794: checking for PHP installed headers prefix
configure:3796: result: /usr/local/php/include/php
configure:3799: checking if debug is enabled
configure:3825: result: yes
configure:3828: checking if zts is enabled
configure:3854: result: yes
configure:3925: checking for re2c
configure:3955: result: no
configure:3980: WARNING: You will need re2c 0.13.4 or later if you want to regenerate PHP parsers.
configure:3994: checking for gawk
configure:4025: result: no
configure:3994: checking for nawk
configure:4011: found /usr/bin/nawk
configure:4022: result: nawk
configure:4045: checking if nawk is broken
configure:4052: result: no
configure:4065: checking whether to enable ant support
configure:4104: result: yes, shared
configure:4576: checking for ld used by cc
configure:4643: result: /usr/bin/ld
configure:4650: checking if the linker (/usr/bin/ld) is GNU ld
configure:4665: result: yes
configure:4670: checking for /usr/bin/ld option to reload object files
configure:4677: result: -r
configure:4695: checking for BSD-compatible nm
configure:4744: result: /usr/bin/nm -B
configure:4748: checking whether ln -s works
configure:4752: result: yes
configure:4759: checking how to recognize dependent libraries
configure:4945: result: pass_all
configure:5030: cc -c -g  -O0  conftest.c >&5
configure:5033: $? = 0
configure:5163: checking for ANSI C header files
configure:5183: cc -c -g  -O0  conftest.c >&5
configure:5183: $? = 0
configure:5256: cc -o conftest -g  -O0   conftest.c  >&5
configure:5256: $? = 0
configure:5256: ./conftest
configure:5256: $? = 0
configure:5267: result: yes
configure:5280: checking for sys/types.h
configure:5280: cc -c -g  -O0  conftest.c >&5
configure:5280: $? = 0
configure:5280: result: yes
configure:5280: checking for sys/stat.h
configure:5280: cc -c -g  -O0  conftest.c >&5
configure:5280: $? = 0
configure:5280: result: yes
configure:5280: checking for stdlib.h
configure:5280: cc -c -g  -O0  conftest.c >&5
configure:5280: $? = 0
configure:5280: result: yes
configure:5280: checking for string.h
configure:5280: cc -c -g  -O0  conftest.c >&5
configure:5280: $? = 0
configure:5280: result: yes
configure:5280: checking for memory.h
configure:5280: cc -c -g  -O0  conftest.c >&5
configure:5280: $? = 0
configure:5280: result: yes
configure:5280: checking for strings.h
configure:5280: cc -c -g  -O0  conftest.c >&5
configure:5280: $? = 0
configure:5280: result: yes
configure:5280: checking for inttypes.h
configure:5280: cc -c -g  -O0  conftest.c >&5
configure:5280: $? = 0
configure:5280: result: yes
configure:5280: checking for stdint.h
configure:5280: cc -c -g  -O0  conftest.c >&5
configure:5280: $? = 0
configure:5280: result: yes
configure:5280: checking for unistd.h
configure:5280: cc -c -g  -O0  conftest.c >&5
configure:5280: $? = 0
configure:5280: result: yes
configure:5294: checking dlfcn.h usability
configure:5294: cc -c -g  -O0  conftest.c >&5
configure:5294: $? = 0
configure:5294: result: yes
configure:5294: checking dlfcn.h presence
configure:5294: cc -E  conftest.c
configure:5294: $? = 0
configure:5294: result: yes
configure:5294: checking for dlfcn.h
configure:5294: result: yes
configure:5316: checking the maximum length of command line arguments
configure:5428: result: 1572864
configure:5440: checking command to parse /usr/bin/nm -B output from cc object
configure:5545: cc -c -g  -O0  conftest.c >&5
configure:5548: $? = 0
configure:5552: /usr/bin/nm -B conftest.o \| sed -n -e 's/^.*[ 	]\([ABCDGIRSTW][ABCDGIRSTW]*\)[ 	][ 	]*\([_A-Za-z][_A-Za-z0-9]*\)$/\1 \2 \2/p' \> conftest.nm
configure:5555: $? = 0
configure:5607: cc -o conftest -g  -O0   conftest.c conftstm.o >&5
configure:5610: $? = 0
configure:5648: result: ok
configure:5652: checking for objdir
configure:5667: result: .libs
configure:5759: checking for ar
configure:5775: found /usr/bin/ar
configure:5786: result: ar
configure:5851: checking for ranlib
configure:5867: found /usr/bin/ranlib
configure:5878: result: ranlib
configure:5943: checking for strip
configure:5959: found /usr/bin/strip
configure:5970: result: strip
configure:6539: checking if cc supports -fno-rtti -fno-exceptions
configure:6557: cc -c -g  -O0  -fno-rtti -fno-exceptions conftest.c >&5
cc1: warning: command line option '-fno-rtti' is valid for C++/ObjC++ but not for C
configure:6561: $? = 0
configure:6574: result: no
configure:6589: checking for cc option to produce PIC
configure:6829: result: -fPIC
configure:6837: checking if cc PIC flag -fPIC works
configure:6855: cc -c -g  -O0  -fPIC -DPIC conftest.c >&5
configure:6859: $? = 0
configure:6872: result: yes
configure:6900: checking if cc static flag -static works
configure:6928: result: yes
configure:6938: checking if cc supports -c -o file.o
configure:6959: cc -c -g  -O0  -o out/conftest2.o conftest.c >&5
configure:6963: $? = 0
configure:6985: result: yes
configure:7011: checking whether the cc linker (/usr/bin/ld -m elf_x86_64) supports shared libraries
configure:7939: result: yes
configure:7960: checking whether -lc should be explicitly linked in
configure:7965: cc -c -g  -O0  conftest.c >&5
configure:7968: $? = 0
configure:7983: cc -shared conftest.o  -v -Wl,-soname -Wl,conftest -o conftest 2\>\&1 \| grep  -lc  \>/dev/null 2\>\&1
configure:7986: $? = 0
configure:7998: result: no
configure:8006: checking dynamic linker characteristics
configure:8604: result: GNU/Linux ld.so
configure:8628: checking how to hardcode library paths into programs
configure:8653: result: immediate
configure:8667: checking whether stripping libraries is possible
configure:8672: result: yes
configure:9189: checking if libtool supports shared libraries
configure:9191: result: yes
configure:9194: checking whether to build shared libraries
configure:9215: result: yes
configure:9218: checking whether to build static libraries
configure:9222: result: no
configure:9317: result:
creating libtool
configure:13016: creating ./config.status

## ---------------------- ##
## Running config.status. ##
## ---------------------- ##

This file was extended by config.status, which was
generated by GNU Autoconf 2.69.  Invocation command line was

  CONFIG_FILES    = 
  CONFIG_HEADERS  = 
  CONFIG_LINKS    = 
  CONFIG_COMMANDS = 
  $ ./config.status 

on lucasho

config.status:676: creating config.h
config.status:766: config.h is unchanged

## ---------------- ##
## Cache variables. ##
## ---------------- ##

ac_cv_build=x86_64-unknown-linux-gnu
ac_cv_c_compiler_gnu=yes
ac_cv_env_CC_set=
ac_cv_env_CC_value=
ac_cv_env_CFLAGS_set=
ac_cv_env_CFLAGS_value=
ac_cv_env_CPPFLAGS_set=
ac_cv_env_CPPFLAGS_value=
ac_cv_env_CPP_set=
ac_cv_env_CPP_value=
ac_cv_env_LDFLAGS_set=
ac_cv_env_LDFLAGS_value=
ac_cv_env_LIBS_set=
ac_cv_env_LIBS_value=
ac_cv_env_build_alias_set=
ac_cv_env_build_alias_value=
ac_cv_env_host_alias_set=
ac_cv_env_host_alias_value=
ac_cv_env_target_alias_set=
ac_cv_env_target_alias_value=
ac_cv_header_dlfcn_h=yes
ac_cv_header_inttypes_h=yes
ac_cv_header_memory_h=yes
ac_cv_header_stdc=yes
ac_cv_header_stdint_h=yes
ac_cv_header_stdlib_h=yes
ac_cv_header_string_h=yes
ac_cv_header_strings_h=yes
ac_cv_header_sys_stat_h=yes
ac_cv_header_sys_types_h=yes
ac_cv_header_unistd_h=yes
ac_cv_host=x86_64-unknown-linux-gnu
ac_cv_objext=o
ac_cv_path_EGREP='/bin/grep -E'
ac_cv_path_GREP=/bin/grep
ac_cv_prog_AWK=nawk
ac_cv_prog_CPP='cc -E'
ac_cv_prog_ac_ct_AR=ar
ac_cv_prog_ac_ct_CC=cc
ac_cv_prog_ac_ct_RANLIB=ranlib
ac_cv_prog_ac_ct_STRIP=strip
ac_cv_prog_cc_c89=
ac_cv_prog_cc_cc_c_o=yes
ac_cv_prog_cc_g=yes
ac_cv_target=x86_64-unknown-linux-gnu
lt_cv_deplibs_check_method=pass_all
lt_cv_file_magic_cmd='$MAGIC_CMD'
lt_cv_file_magic_test_file=
lt_cv_ld_reload_flag=-r
lt_cv_objdir=.libs
lt_cv_path_LD=/usr/bin/ld
lt_cv_path_NM='/usr/bin/nm -B'
lt_cv_path_SED=/bin/sed
lt_cv_prog_compiler_c_o=yes
lt_cv_prog_compiler_pic_works=yes
lt_cv_prog_compiler_rtti_exceptions=no
lt_cv_prog_compiler_static_works=yes
lt_cv_prog_gnu_ld=yes
lt_cv_sys_global_symbol_pipe='sed -n -e '\''s/^.*[ 	]\([ABCDGIRSTW][ABCDGIRSTW]*\)[ 	][ 	]*\([_A-Za-z][_A-Za-z0-9]*\)$/\1 \2 \2/p'\'''
lt_cv_sys_global_symbol_to_c_name_address='sed -n -e '\''s/^: \([^ ]*\) $/  {\"\1\", (lt_ptr) 0},/p'\'' -e '\''s/^[BCDEGRST] \([^ ]*\) \([^ ]*\)$/  {"\2", (lt_ptr) \&\2},/p'\'''
lt_cv_sys_global_symbol_to_cdecl='sed -n -e '\''s/^. .* \(.*\)$/extern int \1;/p'\'''
lt_cv_sys_lib_dlsearch_path_spec='/lib /usr/lib /usr/lib/x86_64-linux-gnu/libfakeroot /lib/i386-linux-gnu /usr/lib/i386-linux-gnu /lib/i686-linux-gnu /usr/lib/i686-linux-gnu /usr/lib/i386-linux-gnu/mesa /usr/local/lib /lib/x86_64-linux-gnu /usr/lib/x86_64-linux-gnu /usr/lib/x86_64-linux-gnu/mesa-egl /usr/lib/x86_64-linux-gnu/mesa /lib32 /usr/lib32 /usr/local/ffmpeg/lib/ '
lt_cv_sys_lib_search_path_spec='/usr/lib/gcc/x86_64-linux-gnu/5 /usr/lib/x86_64-linux-gnu /usr/lib /lib/x86_64-linux-gnu /lib'
lt_cv_sys_max_cmd_len=1572864
lt_lt_cv_prog_compiler_c_o='"yes"'
lt_lt_cv_sys_global_symbol_pipe='"sed -n -e '\''s/^.*[ 	]\\([ABCDGIRSTW][ABCDGIRSTW]*\\)[ 	][ 	]*\\([_A-Za-z][_A-Za-z0-9]*\\)\$/\\1 \\2 \\2/p'\''"'
lt_lt_cv_sys_global_symbol_to_c_name_address='"sed -n -e '\''s/^: \\([^ ]*\\) \$/  {\\\"\\1\\\", (lt_ptr) 0},/p'\'' -e '\''s/^[BCDEGRST] \\([^ ]*\\) \\([^ ]*\\)\$/  {\"\\2\", (lt_ptr) \\&\\2},/p'\''"'
lt_lt_cv_sys_global_symbol_to_cdecl='"sed -n -e '\''s/^. .* \\(.*\\)\$/extern int \\1;/p'\''"'
php_cv_cc_dashr=no
php_cv_cc_rpath=yes

## ----------------- ##
## Output variables. ##
## ----------------- ##

AR='ar'
AWK='nawk'
CC='cc'
CFLAGS='-g  -O0'
CONFIGURE_COMMAND=' '\''./configure'\''  '\''--enable-ant'\'' '\''--with-php-config=/usr/local/php/bin/php-config'\'''
CONFIGURE_OPTIONS=' '\''--enable-ant'\'' '\''--with-php-config=/usr/local/php/bin/php-config'\'''
CPP='cc -E'
CPPFLAGS=' -DHAVE_CONFIG_H'
DEFS='-DHAVE_CONFIG_H'
DSYMUTIL=''
ECHO='echo'
ECHO_C=''
ECHO_N='-n'
ECHO_T=''
EGREP='/bin/grep -E'
EXEEXT=''
GREP='/bin/grep'
LDFLAGS=''
LIBOBJS=''
LIBS=''
LIBTOOL='$(SHELL) $(top_builddir)/libtool'
LN_S='ln -s'
LTLIBOBJS=''
NMEDIT=''
OBJEXT='o'
PACKAGE_BUGREPORT=''
PACKAGE_NAME=''
PACKAGE_STRING=''
PACKAGE_TARNAME=''
PACKAGE_URL=''
PACKAGE_VERSION=''
PATH_SEPARATOR=':'
RANLIB='ranlib'
RE2C='exit 0;'
SED='/bin/sed'
SHELL='/bin/bash'
SHLIB_DL_SUFFIX_NAME='so'
SHLIB_SUFFIX_NAME='so'
STRIP='strip'
ac_ct_CC='cc'
bindir='${exec_prefix}/bin'
build='x86_64-unknown-linux-gnu'
build_alias=''
build_cpu='x86_64'
build_os='linux-gnu'
build_vendor='unknown'
datadir='${datarootdir}'
datarootdir='${prefix}/share'
docdir='${datarootdir}/doc/${PACKAGE}'
dvidir='${docdir}'
exec_prefix='$(prefix)'
host='x86_64-unknown-linux-gnu'
host_alias='x86_64-unknown-linux-gnu'
host_cpu='x86_64'
host_os='linux-gnu'
host_vendor='unknown'
htmldir='${docdir}'
includedir='${prefix}/include'
infodir='${datarootdir}/info'
libdir='${exec_prefix}/lib'
libexecdir='${exec_prefix}/libexec'
localedir='${datarootdir}/locale'
localstatedir='${prefix}/var'
mandir='${datarootdir}/man'
oldincludedir='/usr/include'
pdfdir='${docdir}'
prefix='/usr/local/php'
program_transform_name='s,x,x,'
psdir='${docdir}'
runstatedir='${localstatedir}/run'
sbindir='${exec_prefix}/sbin'
sharedstatedir='${prefix}/com'
sysconfdir='${prefix}/etc'
target='x86_64-unknown-linux-gnu'
target_alias=''
target_cpu='x86_64'
target_os='linux-gnu'
target_vendor='unknown'

## ----------- ##
## confdefs.h. ##
## ----------- ##

/* confdefs.h */
#define PACKAGE_NAME ""
#define PACKAGE_TARNAME ""
#define PACKAGE_VERSION ""
#define PACKAGE_STRING ""
#define PACKAGE_BUGREPORT ""
#define PACKAGE_URL ""
#define COMPILE_DL_ANT 1
#define STDC_HEADERS 1
#define HAVE_SYS_TYPES_H 1
#define HAVE_SYS_STAT_H 1
#define HAVE_STDLIB_H 1
#define HAVE_STRING_H 1
#define HAVE_MEMORY_H 1
#define HAVE_STRINGS_H 1
#define HAVE_INTTYPES_H 1
#define HAVE_STDINT_H 1
#define HAVE_UNISTD_H 1
#define HAVE_DLFCN_H 1

configure: exit 0
